11:09:45.106 [main]  INFO  com.intuit.karate - Karate version: 1.4.0-SNAPSHOT
11:09:46.911 [main]  DEBUG com.intuit.karate - request:
1 > POST https://httpbin.org/anything
1 > Content-Type: application/json; charset=UTF-8
1 > Content-Length: 17
1 > Host: httpbin.org
1 > Connection: Keep-Alive
1 > User-Agent: Apache-HttpClient/4.5.14 (Java/17.0.6)
1 > Accept-Encoding: gzip,deflate
{"key":"myValue"}

11:09:51.466 [main]  DEBUG com.intuit.karate - response time in milliseconds: 4549
1 < 200
1 < Date: Sun, 28 May 2023 04:09:51 GMT
1 < Content-Type: application/json
1 < Content-Length: 517
1 < Connection: keep-alive
1 < Server: gunicorn/19.9.0
1 < Access-Control-Allow-Origin: *
1 < Access-Control-Allow-Credentials: true
{
  "args": {}, 
  "data": "{\"key\":\"myValue\"}", 
  "files": {}, 
  "form": {}, 
  "headers": {
    "Accept-Encoding": "gzip,deflate", 
    "Content-Length": "17", 
    "Content-Type": "application/json; charset=UTF-8", 
    "Host": "httpbin.org", 
    "User-Agent": "Apache-HttpClient/4.5.14 (Java/17.0.6)", 
    "X-Amzn-Trace-Id": "Root=1-6472d40c-6801c4c070f37b771c1e5ec2"
  }, 
  "json": {
    "key": "myValue"
  }, 
  "method": "POST", 
  "origin": "36.70.173.155", 
  "url": "https://httpbin.org/anything"
}


11:09:52.174 [main]  INFO  com.intuit.karate.Suite - <<pass>> feature 1 of 1 (0 remaining) httptest.feature
11:13:17.367 [main]  INFO  com.intuit.karate - Karate version: 1.4.0-SNAPSHOT
11:13:17.763 [main]  INFO  com.intuit.karate.Suite - backed up existing 'target\karate-reports' dir to: target\karate-reports_1685247197759
11:13:19.259 [main]  DEBUG com.intuit.karate - request:
1 > POST https://httpbin.org/anything
1 > Content-Type: application/json; charset=UTF-8
1 > Content-Length: 17
1 > Host: httpbin.org
1 > Connection: Keep-Alive
1 > User-Agent: Apache-HttpClient/4.5.14 (Java/17.0.6)
1 > Accept-Encoding: gzip,deflate
{"key":"myValue"}

11:13:20.603 [main]  DEBUG com.intuit.karate - response time in milliseconds: 1338
1 < 200
1 < Date: Sun, 28 May 2023 04:13:20 GMT
1 < Content-Type: application/json
1 < Content-Length: 517
1 < Connection: keep-alive
1 < Server: gunicorn/19.9.0
1 < Access-Control-Allow-Origin: *
1 < Access-Control-Allow-Credentials: true
{
  "args": {}, 
  "data": "{\"key\":\"myValue\"}", 
  "files": {}, 
  "form": {}, 
  "headers": {
    "Accept-Encoding": "gzip,deflate", 
    "Content-Length": "17", 
    "Content-Type": "application/json; charset=UTF-8", 
    "Host": "httpbin.org", 
    "User-Agent": "Apache-HttpClient/4.5.14 (Java/17.0.6)", 
    "X-Amzn-Trace-Id": "Root=1-6472d4e0-629cad380e3d71f76521eff1"
  }, 
  "json": {
    "key": "myValue"
  }, 
  "method": "POST", 
  "origin": "36.70.173.155", 
  "url": "https://httpbin.org/anything"
}


11:13:20.611 [main]  DEBUG com.intuit.karate - request:
2 > POST https://httpbin.org/anything
2 > Content-Type: application/json; charset=UTF-8
2 > Content-Length: 17
2 > Host: httpbin.org
2 > Connection: Keep-Alive
2 > User-Agent: Apache-HttpClient/4.5.14 (Java/17.0.6)
2 > Accept-Encoding: gzip,deflate
{"key":"myValue"}

11:13:21.485 [main]  DEBUG com.intuit.karate - response time in milliseconds: 872
2 < 200
2 < Date: Sun, 28 May 2023 04:13:21 GMT
2 < Content-Type: application/json
2 < Content-Length: 517
2 < Connection: keep-alive
2 < Server: gunicorn/19.9.0
2 < Access-Control-Allow-Origin: *
2 < Access-Control-Allow-Credentials: true
{
  "args": {}, 
  "data": "{\"key\":\"myValue\"}", 
  "files": {}, 
  "form": {}, 
  "headers": {
    "Accept-Encoding": "gzip,deflate", 
    "Content-Length": "17", 
    "Content-Type": "application/json; charset=UTF-8", 
    "Host": "httpbin.org", 
    "User-Agent": "Apache-HttpClient/4.5.14 (Java/17.0.6)", 
    "X-Amzn-Trace-Id": "Root=1-6472d4e1-026b3e9b1de02a3730c98bd9"
  }, 
  "json": {
    "key": "myValue"
  }, 
  "method": "POST", 
  "origin": "36.70.173.155", 
  "url": "https://httpbin.org/anything"
}


11:13:21.535 [main]  ERROR com.intuit.karate - httptest.feature:12
* match response.json == {myKey: 'myValue'}
match failed: EQUALS
  $ | not equal | actual does not contain key - 'myKey' (MAP:MAP)
  {"key":"myValue"}
  {"myKey":"myValue"}


httptest.feature:12
11:13:22.189 [main]  INFO  com.intuit.karate.Suite - <<fail>> feature 1 of 1 (0 remaining) httptest.feature
11:15:12.416 [main]  INFO  com.intuit.karate - Karate version: 1.4.0-SNAPSHOT
11:15:12.785 [main]  INFO  com.intuit.karate.Suite - backed up existing 'target\karate-reports' dir to: target\karate-reports_1685247312778
11:15:14.245 [main]  DEBUG com.intuit.karate - request:
1 > POST https://httpbin.org/anything
1 > Content-Type: application/json; charset=UTF-8
1 > Content-Length: 17
1 > Host: httpbin.org
1 > Connection: Keep-Alive
1 > User-Agent: Apache-HttpClient/4.5.14 (Java/17.0.6)
1 > Accept-Encoding: gzip,deflate
{"key":"myValue"}

11:15:15.557 [main]  DEBUG com.intuit.karate - response time in milliseconds: 1309
1 < 200
1 < Date: Sun, 28 May 2023 04:15:15 GMT
1 < Content-Type: application/json
1 < Content-Length: 517
1 < Connection: keep-alive
1 < Server: gunicorn/19.9.0
1 < Access-Control-Allow-Origin: *
1 < Access-Control-Allow-Credentials: true
{
  "args": {}, 
  "data": "{\"key\":\"myValue\"}", 
  "files": {}, 
  "form": {}, 
  "headers": {
    "Accept-Encoding": "gzip,deflate", 
    "Content-Length": "17", 
    "Content-Type": "application/json; charset=UTF-8", 
    "Host": "httpbin.org", 
    "User-Agent": "Apache-HttpClient/4.5.14 (Java/17.0.6)", 
    "X-Amzn-Trace-Id": "Root=1-6472d553-26f2952114c664e97b612057"
  }, 
  "json": {
    "key": "myValue"
  }, 
  "method": "POST", 
  "origin": "36.70.173.155", 
  "url": "https://httpbin.org/anything"
}


11:15:15.564 [main]  DEBUG com.intuit.karate - request:
2 > POST https://httpbin.org/anything
2 > Content-Type: application/json; charset=UTF-8
2 > Content-Length: 17
2 > Host: httpbin.org
2 > Connection: Keep-Alive
2 > User-Agent: Apache-HttpClient/4.5.14 (Java/17.0.6)
2 > Accept-Encoding: gzip,deflate
{"key":"myValue"}

11:15:16.365 [main]  DEBUG com.intuit.karate - response time in milliseconds: 800
2 < 200
2 < Date: Sun, 28 May 2023 04:15:16 GMT
2 < Content-Type: application/json
2 < Content-Length: 517
2 < Connection: keep-alive
2 < Server: gunicorn/19.9.0
2 < Access-Control-Allow-Origin: *
2 < Access-Control-Allow-Credentials: true
{
  "args": {}, 
  "data": "{\"key\":\"myValue\"}", 
  "files": {}, 
  "form": {}, 
  "headers": {
    "Accept-Encoding": "gzip,deflate", 
    "Content-Length": "17", 
    "Content-Type": "application/json; charset=UTF-8", 
    "Host": "httpbin.org", 
    "User-Agent": "Apache-HttpClient/4.5.14 (Java/17.0.6)", 
    "X-Amzn-Trace-Id": "Root=1-6472d554-3aacd4b40e2577f8035fafb0"
  }, 
  "json": {
    "key": "myValue"
  }, 
  "method": "POST", 
  "origin": "36.70.173.155", 
  "url": "https://httpbin.org/anything"
}


11:15:16.415 [main]  ERROR com.intuit.karate - httptest.feature:12
* match response.json == {json: 'myValue'}
match failed: EQUALS
  $ | not equal | actual does not contain key - 'json' (MAP:MAP)
  {"key":"myValue"}
  {"json":"myValue"}


httptest.feature:12
11:15:16.977 [main]  INFO  com.intuit.karate.Suite - <<fail>> feature 1 of 1 (0 remaining) httptest.feature
11:15:39.843 [main]  INFO  com.intuit.karate - Karate version: 1.4.0-SNAPSHOT
11:15:40.194 [main]  INFO  com.intuit.karate.Suite - backed up existing 'target\karate-reports' dir to: target\karate-reports_1685247340190
11:15:40.222 [main]  INFO  c.intuit.karate.core.FeatureRuntime - found scenario at line: 3
11:15:41.590 [main]  DEBUG com.intuit.karate - request:
1 > POST https://httpbin.org/anything
1 > Content-Type: application/json; charset=UTF-8
1 > Content-Length: 17
1 > Host: httpbin.org
1 > Connection: Keep-Alive
1 > User-Agent: Apache-HttpClient/4.5.14 (Java/17.0.6)
1 > Accept-Encoding: gzip,deflate
{"key":"myValue"}

11:15:43.346 [main]  DEBUG com.intuit.karate - response time in milliseconds: 1753
1 < 200
1 < Date: Sun, 28 May 2023 04:15:43 GMT
1 < Content-Type: application/json
1 < Content-Length: 517
1 < Connection: keep-alive
1 < Server: gunicorn/19.9.0
1 < Access-Control-Allow-Origin: *
1 < Access-Control-Allow-Credentials: true
{
  "args": {}, 
  "data": "{\"key\":\"myValue\"}", 
  "files": {}, 
  "form": {}, 
  "headers": {
    "Accept-Encoding": "gzip,deflate", 
    "Content-Length": "17", 
    "Content-Type": "application/json; charset=UTF-8", 
    "Host": "httpbin.org", 
    "User-Agent": "Apache-HttpClient/4.5.14 (Java/17.0.6)", 
    "X-Amzn-Trace-Id": "Root=1-6472d56e-42b05a757794e24730f2704e"
  }, 
  "json": {
    "key": "myValue"
  }, 
  "method": "POST", 
  "origin": "36.70.173.155", 
  "url": "https://httpbin.org/anything"
}


11:15:44.031 [main]  INFO  com.intuit.karate.Suite - <<pass>> feature 1 of 1 (0 remaining) httptest.feature
11:16:33.107 [main]  INFO  com.intuit.karate - Karate version: 1.4.0-SNAPSHOT
11:16:33.462 [main]  INFO  com.intuit.karate.Suite - backed up existing 'target\karate-reports' dir to: target\karate-reports_1685247393456
11:16:33.491 [main]  INFO  c.intuit.karate.core.FeatureRuntime - found scenario at line: 3
11:16:34.846 [main]  DEBUG com.intuit.karate - request:
1 > POST https://httpbin.org/anything
1 > Content-Type: application/json; charset=UTF-8
1 > Content-Length: 17
1 > Host: httpbin.org
1 > Connection: Keep-Alive
1 > User-Agent: Apache-HttpClient/4.5.14 (Java/17.0.6)
1 > Accept-Encoding: gzip,deflate
{"key":"myValue"}

11:16:36.109 [main]  DEBUG com.intuit.karate - response time in milliseconds: 1260
1 < 200
1 < Date: Sun, 28 May 2023 04:16:35 GMT
1 < Content-Type: application/json
1 < Content-Length: 517
1 < Connection: keep-alive
1 < Server: gunicorn/19.9.0
1 < Access-Control-Allow-Origin: *
1 < Access-Control-Allow-Credentials: true
{
  "args": {}, 
  "data": "{\"key\":\"myValue\"}", 
  "files": {}, 
  "form": {}, 
  "headers": {
    "Accept-Encoding": "gzip,deflate", 
    "Content-Length": "17", 
    "Content-Type": "application/json; charset=UTF-8", 
    "Host": "httpbin.org", 
    "User-Agent": "Apache-HttpClient/4.5.14 (Java/17.0.6)", 
    "X-Amzn-Trace-Id": "Root=1-6472d5a3-05d7300814e2321b5e5e040b"
  }, 
  "json": {
    "key": "myValue"
  }, 
  "method": "POST", 
  "origin": "36.70.173.155", 
  "url": "https://httpbin.org/anything"
}


11:16:36.800 [main]  INFO  com.intuit.karate.Suite - <<pass>> feature 1 of 1 (0 remaining) httptest.feature
11:43:47.458 [main]  INFO  com.intuit.karate - Karate version: 1.4.0-SNAPSHOT
11:43:47.836 [main]  INFO  com.intuit.karate.Suite - backed up existing 'target\karate-reports' dir to: target\karate-reports_1685249027830
11:43:49.300 [main]  DEBUG com.intuit.karate - request:
1 > POST https://httpbin.org/anything
1 > Content-Type: application/json; charset=UTF-8
1 > Content-Length: 17
1 > Host: httpbin.org
1 > Connection: Keep-Alive
1 > User-Agent: Apache-HttpClient/4.5.14 (Java/17.0.6)
1 > Accept-Encoding: gzip,deflate
{"key":"myValue"}

11:43:54.113 [main]  DEBUG com.intuit.karate - response time in milliseconds: 4809
1 < 200
1 < Date: Sun, 28 May 2023 04:43:54 GMT
1 < Content-Type: application/json
1 < Content-Length: 517
1 < Connection: keep-alive
1 < Server: gunicorn/19.9.0
1 < Access-Control-Allow-Origin: *
1 < Access-Control-Allow-Credentials: true
{
  "args": {}, 
  "data": "{\"key\":\"myValue\"}", 
  "files": {}, 
  "form": {}, 
  "headers": {
    "Accept-Encoding": "gzip,deflate", 
    "Content-Length": "17", 
    "Content-Type": "application/json; charset=UTF-8", 
    "Host": "httpbin.org", 
    "User-Agent": "Apache-HttpClient/4.5.14 (Java/17.0.6)", 
    "X-Amzn-Trace-Id": "Root=1-6472dc06-2afdd038283b9b31755d43b5"
  }, 
  "json": {
    "key": "myValue"
  }, 
  "method": "POST", 
  "origin": "36.70.173.155", 
  "url": "https://httpbin.org/anything"
}


11:43:54.766 [main]  INFO  com.intuit.karate.Suite - <<pass>> feature 1 of 1 (0 remaining) httptest.feature
10:25:51.286 [main]  INFO  com.intuit.karate - Karate version: 1.4.0-SNAPSHOT
10:25:51.723 [main]  INFO  com.intuit.karate.Suite - backed up existing 'target\karate-reports' dir to: target\karate-reports_1685330751717
10:25:53.413 [main]  DEBUG com.intuit.karate - request:
1 > POST https://httpbin.org/anything
1 > Content-Type: application/json; charset=UTF-8
1 > Content-Length: 17
1 > Host: httpbin.org
1 > Connection: Keep-Alive
1 > User-Agent: Apache-HttpClient/4.5.14 (Java/17.0.6)
1 > Accept-Encoding: gzip,deflate
{"key":"myValue"}

10:25:57.705 [main]  DEBUG com.intuit.karate - response time in milliseconds: 4288
1 < 200
1 < Date: Mon, 29 May 2023 03:25:58 GMT
1 < Content-Type: application/json
1 < Content-Length: 517
1 < Connection: keep-alive
1 < Server: gunicorn/19.9.0
1 < Access-Control-Allow-Origin: *
1 < Access-Control-Allow-Credentials: true
{
  "args": {}, 
  "data": "{\"key\":\"myValue\"}", 
  "files": {}, 
  "form": {}, 
  "headers": {
    "Accept-Encoding": "gzip,deflate", 
    "Content-Length": "17", 
    "Content-Type": "application/json; charset=UTF-8", 
    "Host": "httpbin.org", 
    "User-Agent": "Apache-HttpClient/4.5.14 (Java/17.0.6)", 
    "X-Amzn-Trace-Id": "Root=1-64741b44-1acfdc44768d5c9744d124d0"
  }, 
  "json": {
    "key": "myValue"
  }, 
  "method": "POST", 
  "origin": "36.70.173.155", 
  "url": "https://httpbin.org/anything"
}


10:25:57.772 [main]  ERROR com.intuit.karate - httptest.feature:13
* match response.body == String
match failed: EQUALS
  $ | actual path does not exist (STRING:OTHER)
  '#notpresent'
  com.intuit.karate.graal.JsValue$SharableMembersAndInstantiable@355ce6a6

httptest.feature:13
10:25:58.420 [main]  INFO  com.intuit.karate.Suite - <<fail>> feature 1 of 1 (0 remaining) httptest.feature
10:26:30.034 [main]  INFO  com.intuit.karate - Karate version: 1.4.0-SNAPSHOT
10:26:30.393 [main]  INFO  com.intuit.karate.Suite - backed up existing 'target\karate-reports' dir to: target\karate-reports_1685330790388
10:26:31.831 [main]  DEBUG com.intuit.karate - request:
1 > POST https://httpbin.org/anything
1 > Content-Type: application/json; charset=UTF-8
1 > Content-Length: 17
1 > Host: httpbin.org
1 > Connection: Keep-Alive
1 > User-Agent: Apache-HttpClient/4.5.14 (Java/17.0.6)
1 > Accept-Encoding: gzip,deflate
{"key":"myValue"}

10:26:37.837 [main]  DEBUG com.intuit.karate - response time in milliseconds: 6000
1 < 200
1 < Date: Mon, 29 May 2023 03:26:38 GMT
1 < Content-Type: application/json
1 < Content-Length: 517
1 < Connection: keep-alive
1 < Server: gunicorn/19.9.0
1 < Access-Control-Allow-Origin: *
1 < Access-Control-Allow-Credentials: true
{
  "args": {}, 
  "data": "{\"key\":\"myValue\"}", 
  "files": {}, 
  "form": {}, 
  "headers": {
    "Accept-Encoding": "gzip,deflate", 
    "Content-Length": "17", 
    "Content-Type": "application/json; charset=UTF-8", 
    "Host": "httpbin.org", 
    "User-Agent": "Apache-HttpClient/4.5.14 (Java/17.0.6)", 
    "X-Amzn-Trace-Id": "Root=1-64741b6b-572b6d1336c4bbfb565fbf95"
  }, 
  "json": {
    "key": "myValue"
  }, 
  "method": "POST", 
  "origin": "36.70.173.155", 
  "url": "https://httpbin.org/anything"
}


10:26:37.899 [main]  ERROR com.intuit.karate - httptest.feature:13
* match response.json == String
match failed: EQUALS
  $ | data types don't match (MAP:OTHER)
  {"key":"myValue"}
  com.intuit.karate.graal.JsValue$SharableMembersAndInstantiable@6e9a0bea

httptest.feature:13
10:26:38.495 [main]  INFO  com.intuit.karate.Suite - <<fail>> feature 1 of 1 (0 remaining) httptest.feature
10:27:55.668 [main]  INFO  com.intuit.karate - Karate version: 1.4.0-SNAPSHOT
10:27:56.054 [main]  INFO  com.intuit.karate.Suite - backed up existing 'target\karate-reports' dir to: target\karate-reports_1685330876050
10:27:57.539 [main]  DEBUG com.intuit.karate - request:
1 > POST https://httpbin.org/anything
1 > Content-Type: application/json; charset=UTF-8
1 > Content-Length: 17
1 > Host: httpbin.org
1 > Connection: Keep-Alive
1 > User-Agent: Apache-HttpClient/4.5.14 (Java/17.0.6)
1 > Accept-Encoding: gzip,deflate
{"key":"myValue"}

10:28:01.372 [main]  DEBUG com.intuit.karate - response time in milliseconds: 3830
1 < 200
1 < Date: Mon, 29 May 2023 03:28:02 GMT
1 < Content-Type: application/json
1 < Content-Length: 517
1 < Connection: keep-alive
1 < Server: gunicorn/19.9.0
1 < Access-Control-Allow-Origin: *
1 < Access-Control-Allow-Credentials: true
{
  "args": {}, 
  "data": "{\"key\":\"myValue\"}", 
  "files": {}, 
  "form": {}, 
  "headers": {
    "Accept-Encoding": "gzip,deflate", 
    "Content-Length": "17", 
    "Content-Type": "application/json; charset=UTF-8", 
    "Host": "httpbin.org", 
    "User-Agent": "Apache-HttpClient/4.5.14 (Java/17.0.6)", 
    "X-Amzn-Trace-Id": "Root=1-64741bc1-24c949df2d8cc0f13d396dd9"
  }, 
  "json": {
    "key": "myValue"
  }, 
  "method": "POST", 
  "origin": "36.70.173.155", 
  "url": "https://httpbin.org/anything"
}


10:28:01.429 [main]  ERROR com.intuit.karate - httptest.feature:13
* match response.json == '#string'
match failed: EQUALS
  $ | not a string (MAP:STRING)
  {"key":"myValue"}
  '#string'

httptest.feature:13
10:28:02.033 [main]  INFO  com.intuit.karate.Suite - <<fail>> feature 1 of 1 (0 remaining) httptest.feature
10:28:45.327 [main]  INFO  com.intuit.karate - Karate version: 1.4.0-SNAPSHOT
10:28:45.722 [main]  INFO  com.intuit.karate.Suite - backed up existing 'target\karate-reports' dir to: target\karate-reports_1685330925716
10:28:47.188 [main]  DEBUG com.intuit.karate - request:
1 > POST https://httpbin.org/anything
1 > Content-Type: application/json; charset=UTF-8
1 > Content-Length: 17
1 > Host: httpbin.org
1 > Connection: Keep-Alive
1 > User-Agent: Apache-HttpClient/4.5.14 (Java/17.0.6)
1 > Accept-Encoding: gzip,deflate
{"key":"myValue"}

10:28:54.442 [main]  DEBUG com.intuit.karate - response time in milliseconds: 7251
1 < 200
1 < Date: Mon, 29 May 2023 03:28:55 GMT
1 < Content-Type: application/json
1 < Content-Length: 517
1 < Connection: keep-alive
1 < Server: gunicorn/19.9.0
1 < Access-Control-Allow-Origin: *
1 < Access-Control-Allow-Credentials: true
{
  "args": {}, 
  "data": "{\"key\":\"myValue\"}", 
  "files": {}, 
  "form": {}, 
  "headers": {
    "Accept-Encoding": "gzip,deflate", 
    "Content-Length": "17", 
    "Content-Type": "application/json; charset=UTF-8", 
    "Host": "httpbin.org", 
    "User-Agent": "Apache-HttpClient/4.5.14 (Java/17.0.6)", 
    "X-Amzn-Trace-Id": "Root=1-64741bf4-559c94a45ab98bfa134b102b"
  }, 
  "json": {
    "key": "myValue"
  }, 
  "method": "POST", 
  "origin": "36.70.173.155", 
  "url": "https://httpbin.org/anything"
}


10:28:55.096 [main]  INFO  com.intuit.karate.Suite - <<pass>> feature 1 of 1 (0 remaining) httptest.feature
10:30:03.789 [main]  INFO  com.intuit.karate - Karate version: 1.4.0-SNAPSHOT
10:30:04.169 [main]  INFO  com.intuit.karate.Suite - backed up existing 'target\karate-reports' dir to: target\karate-reports_1685331004162
10:30:05.557 [main]  DEBUG com.intuit.karate - request:
1 > POST https://jsonplaceholder.typicode.com/posts
1 > Content-Type: application/json; charset=UTF-8
1 > Content-Length: 17
1 > Host: jsonplaceholder.typicode.com
1 > Connection: Keep-Alive
1 > User-Agent: Apache-HttpClient/4.5.14 (Java/17.0.6)
1 > Accept-Encoding: gzip,deflate
{"key":"myValue"}

10:30:06.572 [main]  DEBUG com.intuit.karate - response time in milliseconds: 1010
1 < 201
1 < Date: Mon, 29 May 2023 03:30:07 GMT
1 < Content-Type: application/json; charset=utf-8
1 < Content-Length: 35
1 < Connection: keep-alive
1 < X-Powered-By: Express
1 < X-Ratelimit-Limit: 1000
1 < X-Ratelimit-Remaining: 999
1 < X-Ratelimit-Reset: 1685331012
1 < Vary: Origin, X-HTTP-Method-Override, Accept-Encoding
1 < Access-Control-Allow-Credentials: true
1 < Cache-Control: no-cache
1 < Pragma: no-cache
1 < Expires: -1
1 < Access-Control-Expose-Headers: Location
1 < Location: http://jsonplaceholder.typicode.com/posts/101
1 < X-Content-Type-Options: nosniff
1 < Etag: W/"23-KPDZjTFvgfJ1/qBDpROjDJgtUfA"
1 < Via: 1.1 vegur
1 < CF-Cache-Status: DYNAMIC
1 < Report-To: {"endpoints":[{"url":"https:\/\/a.nel.cloudflare.com\/report\/v3?s=GXwosfizpk5PBtIaDlBHBp1TVla%2BZzusLR2AmogQOMNhhgT1gVX3tCxOwlvRuPE5ONt78GWPRqiM364ZyHsrLT30%2FwHXp4VIhDI4B3G1bErErlGamXQWxKKqLMiOSJy8Sn3DQ%2Fio198e7iP4pKs%3D"}],"group":"cf-nel","max_age":604800}
1 < NEL: {"success_fraction":0,"report_to":"cf-nel","max_age":604800}
1 < Server: cloudflare
1 < CF-RAY: 7ceba8291bd14070-SIN
{
  "key": "myValue",
  "id": 101
}

10:30:06.593 [main]  ERROR com.intuit.karate - httptest.feature:11
* status 200
status code was: 201, expected: 200, response time in milliseconds: 1010, url: https://jsonplaceholder.typicode.com/posts, response: 
{
  "key": "myValue",
  "id": 101
}
httptest.feature:11
10:30:07.238 [main]  INFO  com.intuit.karate.Suite - <<fail>> feature 1 of 1 (0 remaining) httptest.feature
10:30:55.231 [main]  INFO  com.intuit.karate - Karate version: 1.4.0-SNAPSHOT
10:30:55.618 [main]  INFO  com.intuit.karate.Suite - backed up existing 'target\karate-reports' dir to: target\karate-reports_1685331055611
10:30:57.119 [main]  DEBUG com.intuit.karate - request:
1 > POST https://jsonplaceholder.typicode.com/posts
1 > Content-Type: application/json; charset=UTF-8
1 > Content-Length: 17
1 > Host: jsonplaceholder.typicode.com
1 > Connection: Keep-Alive
1 > User-Agent: Apache-HttpClient/4.5.14 (Java/17.0.6)
1 > Accept-Encoding: gzip,deflate
{"key":"myValue"}

10:30:57.923 [main]  DEBUG com.intuit.karate - response time in milliseconds: 800
1 < 201
1 < Date: Mon, 29 May 2023 03:30:58 GMT
1 < Content-Type: application/json; charset=utf-8
1 < Content-Length: 35
1 < Connection: keep-alive
1 < X-Powered-By: Express
1 < X-Ratelimit-Limit: 1000
1 < X-Ratelimit-Remaining: 999
1 < X-Ratelimit-Reset: 1685331072
1 < Vary: Origin, X-HTTP-Method-Override, Accept-Encoding
1 < Access-Control-Allow-Credentials: true
1 < Cache-Control: no-cache
1 < Pragma: no-cache
1 < Expires: -1
1 < Access-Control-Expose-Headers: Location
1 < Location: http://jsonplaceholder.typicode.com/posts/101
1 < X-Content-Type-Options: nosniff
1 < Etag: W/"23-KPDZjTFvgfJ1/qBDpROjDJgtUfA"
1 < Via: 1.1 vegur
1 < CF-Cache-Status: DYNAMIC
1 < Report-To: {"endpoints":[{"url":"https:\/\/a.nel.cloudflare.com\/report\/v3?s=CHHBZq3sRCmB0mkBX%2Bsvp91t4uq%2FAoWKSja%2FNJPAPNVGl0vcv0RBX8MaikpcKIYQcF8BdPd0KZP69KDfGlHH132FYlUPa9qkvLfHC3xeWjRuUb8hkMuNcQnE4UmYpX5R04iArT%2BFO33McDz7j5g%3D"}],"group":"cf-nel","max_age":604800}
1 < NEL: {"success_fraction":0,"report_to":"cf-nel","max_age":604800}
1 < Server: cloudflare
1 < CF-RAY: 7ceba96a280a9f8c-SIN
{
  "key": "myValue",
  "id": 101
}

10:30:58.589 [main]  INFO  com.intuit.karate.Suite - <<pass>> feature 1 of 1 (0 remaining) httptest.feature
10:31:22.150 [main]  INFO  com.intuit.karate - Karate version: 1.4.0-SNAPSHOT
10:31:22.512 [main]  INFO  com.intuit.karate.Suite - backed up existing 'target\karate-reports' dir to: target\karate-reports_1685331082507
10:31:23.938 [main]  DEBUG com.intuit.karate - request:
1 > POST https://jsonplaceholder.typicode.com/posts
1 > Host: jsonplaceholder.typicode.com
1 > Connection: Keep-Alive
1 > User-Agent: Apache-HttpClient/4.5.14 (Java/17.0.6)
1 > Accept-Encoding: gzip,deflate


10:31:24.779 [main]  DEBUG com.intuit.karate - response time in milliseconds: 837
1 < 201
1 < Date: Mon, 29 May 2023 03:31:25 GMT
1 < Content-Type: application/json; charset=utf-8
1 < Content-Length: 15
1 < Connection: keep-alive
1 < X-Powered-By: Express
1 < X-Ratelimit-Limit: 1000
1 < X-Ratelimit-Remaining: 999
1 < X-Ratelimit-Reset: 1685331132
1 < Vary: Origin, X-HTTP-Method-Override, Accept-Encoding
1 < Access-Control-Allow-Credentials: true
1 < Cache-Control: no-cache
1 < Pragma: no-cache
1 < Expires: -1
1 < Access-Control-Expose-Headers: Location
1 < Location: http://jsonplaceholder.typicode.com/posts/101
1 < X-Content-Type-Options: nosniff
1 < Etag: W/"f-4jjw4Y8q22Yv1PV9m28FczJgjzk"
1 < Via: 1.1 vegur
1 < CF-Cache-Status: DYNAMIC
1 < Report-To: {"endpoints":[{"url":"https:\/\/a.nel.cloudflare.com\/report\/v3?s=8lgDNUImi%2Blfi9%2FktZZKWIGE5FVJpWtZlXUv4OfkMpU2m%2BYJqg9pF0Hl%2FUc5nPZr7ltW7dUOWFKGIgj7CrXjLqRlqZ7CpONzNf48B%2BD0JZnXvVH9e42NWiGNe9K5652EoT1H5J27DmaUscC5mTg%3D"}],"group":"cf-nel","max_age":604800}
1 < NEL: {"success_fraction":0,"report_to":"cf-nel","max_age":604800}
1 < Server: cloudflare
1 < CF-RAY: 7cebaa11a9c2a08a-SIN
{
  "id": 101
}

10:31:25.499 [main]  INFO  com.intuit.karate.Suite - <<pass>> feature 1 of 1 (0 remaining) httptest.feature
10:33:42.363 [main]  INFO  com.intuit.karate - Karate version: 1.4.0-SNAPSHOT
10:33:42.738 [main]  INFO  com.intuit.karate.Suite - backed up existing 'target\karate-reports' dir to: target\karate-reports_1685331222733
10:33:44.183 [main]  DEBUG com.intuit.karate - request:
1 > POST https://jsonplaceholder.typicode.com/posts
1 > Content-Type: application/json; charset=UTF-8
1 > Content-Length: 279
1 > Host: jsonplaceholder.typicode.com
1 > Connection: Keep-Alive
1 > User-Agent: Apache-HttpClient/4.5.14 (Java/17.0.6)
1 > Accept-Encoding: gzip,deflate
{"userId":"1","id":"1","title":"sunt aut facere repellat provident occaecati excepturi optio reprehenderit","body":"quia et suscipit\nsuscipit recusandae consequuntur expedita et cum\nreprehenderit molestiae ut ut quas totam\nnostrum rerum est autem sunt rem eveniet architecto"}

10:33:44.962 [main]  DEBUG com.intuit.karate - response time in milliseconds: 775
1 < 201
1 < Date: Mon, 29 May 2023 03:33:45 GMT
1 < Content-Type: application/json; charset=utf-8
1 < Content-Length: 296
1 < Connection: keep-alive
1 < X-Powered-By: Express
1 < X-Ratelimit-Limit: 1000
1 < X-Ratelimit-Remaining: 999
1 < X-Ratelimit-Reset: 1685331252
1 < Vary: Origin, X-HTTP-Method-Override, Accept-Encoding
1 < Access-Control-Allow-Credentials: true
1 < Cache-Control: no-cache
1 < Pragma: no-cache
1 < Expires: -1
1 < Access-Control-Expose-Headers: Location
1 < Location: http://jsonplaceholder.typicode.com/posts/101
1 < X-Content-Type-Options: nosniff
1 < Etag: W/"128-uvGZed3UTqRGB8+ynmh0mMf4iCY"
1 < Via: 1.1 vegur
1 < CF-Cache-Status: DYNAMIC
1 < Report-To: {"endpoints":[{"url":"https:\/\/a.nel.cloudflare.com\/report\/v3?s=qLYnYoHrwjbSEqy9zoMlkKhDFfC50kGCRbFmhdRBCb4l2PoMAHBehRKSyowHYRN9MeHL8a6Cz2yguAL1HrOSX%2BLmSqtPPb9ylm4kdUBDb%2Bd8UlOAvxAM8wi7MDgqH0ZaLxpzon45obVNkRTSLxQ%3D"}],"group":"cf-nel","max_age":604800}
1 < NEL: {"success_fraction":0,"report_to":"cf-nel","max_age":604800}
1 < Server: cloudflare
1 < CF-RAY: 7cebad7e19bf3fad-SIN
{
  "userId": "1",
  "id": 101,
  "title": "sunt aut facere repellat provident occaecati excepturi optio reprehenderit",
  "body": "quia et suscipit\nsuscipit recusandae consequuntur expedita et cum\nreprehenderit molestiae ut ut quas totam\nnostrum rerum est autem sunt rem eveniet architecto"
}

10:33:45.690 [main]  INFO  com.intuit.karate.Suite - <<pass>> feature 1 of 1 (0 remaining) httptest.feature
10:36:58.811 [main]  INFO  com.intuit.karate - Karate version: 1.4.0-SNAPSHOT
10:36:59.173 [main]  INFO  com.intuit.karate.Suite - backed up existing 'target\karate-reports' dir to: target\karate-reports_1685331419168
10:37:00.625 [main]  DEBUG com.intuit.karate - request:
1 > POST https://jsonplaceholder.typicode.com/posts
1 > Content-Type: application/json; charset=UTF-8
1 > Content-Length: 279
1 > Host: jsonplaceholder.typicode.com
1 > Connection: Keep-Alive
1 > User-Agent: Apache-HttpClient/4.5.14 (Java/17.0.6)
1 > Accept-Encoding: gzip,deflate
{"userId":"1","id":"1","title":"sunt aut facere repellat provident occaecati excepturi optio reprehenderit","body":"quia et suscipit\nsuscipit recusandae consequuntur expedita et cum\nreprehenderit molestiae ut ut quas totam\nnostrum rerum est autem sunt rem eveniet architecto"}

10:37:01.589 [main]  DEBUG com.intuit.karate - response time in milliseconds: 961
1 < 201
1 < Date: Mon, 29 May 2023 03:37:02 GMT
1 < Content-Type: application/json; charset=utf-8
1 < Content-Length: 296
1 < Connection: keep-alive
1 < X-Powered-By: Express
1 < X-Ratelimit-Limit: 1000
1 < X-Ratelimit-Remaining: 999
1 < X-Ratelimit-Reset: 1685331432
1 < Vary: Origin, X-HTTP-Method-Override, Accept-Encoding
1 < Access-Control-Allow-Credentials: true
1 < Cache-Control: no-cache
1 < Pragma: no-cache
1 < Expires: -1
1 < Access-Control-Expose-Headers: Location
1 < Location: http://jsonplaceholder.typicode.com/posts/101
1 < X-Content-Type-Options: nosniff
1 < Etag: W/"128-uvGZed3UTqRGB8+ynmh0mMf4iCY"
1 < Via: 1.1 vegur
1 < CF-Cache-Status: DYNAMIC
1 < Report-To: {"endpoints":[{"url":"https:\/\/a.nel.cloudflare.com\/report\/v3?s=jKYmXPA4gvyDIrcpnZNy2XCURAm6m7h53vRVxVsrQv%2FhCXQ1u5KsT23RMVtJzl0Z%2FzVXMNxxocyLK6E2xKFGcD%2B5Y4PXUPgaA0IMTWeLhBseBe%2FizMFOuwwqD%2BYv9LiAgj5rxhYeeCg9tdIchcs%3D"}],"group":"cf-nel","max_age":604800}
1 < NEL: {"success_fraction":0,"report_to":"cf-nel","max_age":604800}
1 < Server: cloudflare
1 < CF-RAY: 7cebb24aef2ea077-SIN
{
  "userId": "1",
  "id": 101,
  "title": "sunt aut facere repellat provident occaecati excepturi optio reprehenderit",
  "body": "quia et suscipit\nsuscipit recusandae consequuntur expedita et cum\nreprehenderit molestiae ut ut quas totam\nnostrum rerum est autem sunt rem eveniet architecto"
}

10:37:02.349 [main]  INFO  com.intuit.karate.Suite - <<pass>> feature 1 of 1 (0 remaining) httptest.feature
10:37:59.907 [main]  INFO  com.intuit.karate - Karate version: 1.4.0-SNAPSHOT
10:38:00.340 [main]  INFO  com.intuit.karate.Suite - backed up existing 'target\karate-reports' dir to: target\karate-reports_1685331480333
10:38:01.767 [main]  DEBUG com.intuit.karate - request:
1 > POST https://jsonplaceholder.typicode.com/posts
1 > Content-Type: application/json; charset=UTF-8
1 > Content-Length: 276
1 > Host: jsonplaceholder.typicode.com
1 > Connection: Keep-Alive
1 > User-Agent: Apache-HttpClient/4.5.14 (Java/17.0.6)
1 > Accept-Encoding: gzip,deflate
{"userId":"1","id":"1","title":"sunt aut facere repellat provident occaecati excepturi optio reprehenderit","body":"quia et suscipit suscipit recusandae consequuntur expedita et cum reprehenderit molestiae ut ut quas totam nostrum rerum est autem sunt rem eveniet architecto"}

10:38:02.581 [main]  DEBUG com.intuit.karate - response time in milliseconds: 808
1 < 201
1 < Date: Mon, 29 May 2023 03:38:03 GMT
1 < Content-Type: application/json; charset=utf-8
1 < Content-Length: 293
1 < Connection: keep-alive
1 < X-Powered-By: Express
1 < X-Ratelimit-Limit: 1000
1 < X-Ratelimit-Remaining: 999
1 < X-Ratelimit-Reset: 1685331492
1 < Vary: Origin, X-HTTP-Method-Override, Accept-Encoding
1 < Access-Control-Allow-Credentials: true
1 < Cache-Control: no-cache
1 < Pragma: no-cache
1 < Expires: -1
1 < Access-Control-Expose-Headers: Location
1 < Location: http://jsonplaceholder.typicode.com/posts/101
1 < X-Content-Type-Options: nosniff
1 < Etag: W/"125-/g0n83nVfsY0pu1/x3bMKFT7EnI"
1 < Via: 1.1 vegur
1 < CF-Cache-Status: DYNAMIC
1 < Report-To: {"endpoints":[{"url":"https:\/\/a.nel.cloudflare.com\/report\/v3?s=400MzEngyPPxZeE%2B6jmPjEF3obhM7auvptZgZqejqrx9%2BwRugo7AYbSBNkx4hoaljal5a4nseolQvDrcgmJDxUKCIXe0lhqTIsXdzITgHxtRPFcd%2B%2BLAftn7bdUFT1kMmr8tX7UwN3dBNfJCLCk%3D"}],"group":"cf-nel","max_age":604800}
1 < NEL: {"success_fraction":0,"report_to":"cf-nel","max_age":604800}
1 < Server: cloudflare
1 < CF-RAY: 7cebb3c81d8a3fce-SIN
{
  "userId": "1",
  "id": 101,
  "title": "sunt aut facere repellat provident occaecati excepturi optio reprehenderit",
  "body": "quia et suscipit suscipit recusandae consequuntur expedita et cum reprehenderit molestiae ut ut quas totam nostrum rerum est autem sunt rem eveniet architecto"
}

10:38:03.373 [main]  INFO  com.intuit.karate.Suite - <<pass>> feature 1 of 1 (0 remaining) httptest.feature
